<?xml version="1.0" encoding="UTF-8"?>
<robot generator="Robot 6.0.1 (Python 3.9.5 on win32)" generated="20221231 13:17:42.248" rpa="false" schemaversion="3">
<suite id="s1" name="Home" source="C:\Users\LORD TRADE\Desktop\robotpl\testcases\home.robot">
<test id="s1-t1" name="LOG" line="12">
<kw name="Open My Page" library="login">
<kw name="New Browser" library="Browser">
<arg>chromium</arg>
<arg>headless=false</arg>
<tag>BrowserControl</tag>
<tag>Setter</tag>
<doc>Create a new playwright Browser with specified options.</doc>
<msg timestamp="20221231 13:17:43.581" level="INFO">{"browser": "chromium", "headless": false, "devtools": false, "handleSIGHUP": true, "handleSIGINT": true, "handleSIGTERM": true, "slowMo": 0.0, "timeout": 30000.0, "deprecated_pos_args": [], "tracesDir": "C:\\Users\\LORD TRADE\\Desktop\\robotpl\\browser\\traces\\24147e59-d12b-4ce7-ab27-d3057d05c8a3"}</msg>
<msg timestamp="20221231 13:17:44.195" level="INFO">Successfully created browser with options: {"browser":"chromium","headless":false,"devtools":false,"handleSIGHUP":true,"handleSIGINT":true,"handleSIGTERM":true,"slowMo":0,"timeout":30000,"deprecated_pos_args":[],"tracesDir":"C:\\Users\\LORD TRADE\\Desktop\\robotpl\\browser\\traces\\24147e59-d12b-4ce7-ab27-d3057d05c8a3"}</msg>
<status status="PASS" starttime="20221231 13:17:43.580" endtime="20221231 13:17:44.195"/>
</kw>
<kw name="New Context" library="Browser">
<arg>viewport={'width': 1920, 'height': 1080}</arg>
<tag>BrowserControl</tag>
<tag>Setter</tag>
<doc>Create a new BrowserContext with specified options.</doc>
<msg timestamp="20221231 13:17:44.198" level="INFO">{
  "acceptDownloads": true,
  "bypassCSP": false,
  "forcedColors": "none",
  "hideRfBrowser": false,
  "ignoreHTTPSErrors": false,
  "javaScriptEnabled": true,
  "offline": false,
  "reducedMotion": "no-preference",
  "viewport": {
    "height": 1080,
    "width": 1920
  },
  "deprecated_pos_args": []
}</msg>
<msg timestamp="20221231 13:17:44.233" level="INFO">Successfully created context. </msg>
<msg timestamp="20221231 13:17:44.234" level="INFO">{'acceptDownloads': True, 'bypassCSP': False, 'forcedColors': 'none', 'hideRfBrowser': False, 'ignoreHTTPSErrors': False, 'javaScriptEnabled': True, 'offline': False, 'reducedMotion': 'no-preference', 'viewport': {'height': 1080, 'width': 1920}, 'deprecated_pos_args': []}</msg>
<status status="PASS" starttime="20221231 13:17:44.196" endtime="20221231 13:17:44.234"/>
</kw>
<kw name="New Page" library="Browser">
<arg>https://naveenautomationlabs.com/opencart/</arg>
<tag>BrowserControl</tag>
<tag>Setter</tag>
<doc>Open a new Page.</doc>
<msg timestamp="20221231 13:17:47.503" level="INFO">Successfully initialized new page object and opened url: https://naveenautomationlabs.com/opencart/</msg>
<status status="PASS" starttime="20221231 13:17:44.234" endtime="20221231 13:17:47.503"/>
</kw>
<status status="PASS" starttime="20221231 13:17:43.580" endtime="20221231 13:17:47.504"/>
</kw>
<kw name="SearchProduct1" library="login">
<arg>${product1}</arg>
<kw name="Fill Text" library="Browser">
<arg>${SEARCH_BAR}</arg>
<arg>${product1}</arg>
<tag>PageContent</tag>
<tag>Setter</tag>
<doc>Clears and fills the given ``txt`` into the text field found by ``selector``.</doc>
<msg timestamp="20221231 13:17:47.506" level="INFO">Fills the text 'Iphone' in the given field.</msg>
<status status="PASS" starttime="20221231 13:17:47.505" endtime="20221231 13:17:47.597"/>
</kw>
<kw name="Press Keys" library="Browser">
<arg>${SEARCH_BAR}</arg>
<arg>Enter</arg>
<tag>PageContent</tag>
<tag>Setter</tag>
<doc>Types the given key combination into element found by ``selector``.</doc>
<status status="PASS" starttime="20221231 13:17:47.597" endtime="20221231 13:17:48.001"/>
</kw>
<status status="PASS" starttime="20221231 13:17:47.505" endtime="20221231 13:17:48.002"/>
</kw>
<kw name="SearchProduct2" library="login">
<arg>${product2}</arg>
<kw name="Clear Text" library="Browser">
<arg>${SEARCH_BAR}</arg>
<tag>PageContent</tag>
<tag>Setter</tag>
<doc>Clears the text field found by ``selector``.</doc>
<status status="PASS" starttime="20221231 13:17:48.005" endtime="20221231 13:17:48.110"/>
</kw>
<kw name="Fill Text" library="Browser">
<arg>${SEARCH_BAR}</arg>
<arg>${product2}</arg>
<tag>PageContent</tag>
<tag>Setter</tag>
<doc>Clears and fills the given ``txt`` into the text field found by ``selector``.</doc>
<msg timestamp="20221231 13:17:48.112" level="INFO">Fills the text 'HTC Touch HD' in the given field.</msg>
<status status="PASS" starttime="20221231 13:17:48.111" endtime="20221231 13:17:48.135"/>
</kw>
<kw name="Press Keys" library="Browser">
<arg>${SEARCH_BAR}</arg>
<arg>Enter</arg>
<tag>PageContent</tag>
<tag>Setter</tag>
<doc>Types the given key combination into element found by ``selector``.</doc>
<status status="PASS" starttime="20221231 13:17:48.135" endtime="20221231 13:17:48.532"/>
</kw>
<status status="PASS" starttime="20221231 13:17:48.003" endtime="20221231 13:17:48.533"/>
</kw>
<kw name="Validation" library="login">
<kw name="Get Text" library="Browser">
<arg>${H1}</arg>
<arg>==</arg>
<arg>Search - HTC Touch HD</arg>
<tag>Assertion</tag>
<tag>Getter</tag>
<tag>PageContent</tag>
<doc>Returns text attribute of the element found by ``selector``.</doc>
<status status="PASS" starttime="20221231 13:17:48.535" endtime="20221231 13:17:48.631"/>
</kw>
<status status="PASS" starttime="20221231 13:17:48.534" endtime="20221231 13:17:48.631"/>
</kw>
<status status="PASS" starttime="20221231 13:17:43.575" endtime="20221231 13:17:48.632"/>
</test>
<status status="PASS" starttime="20221231 13:17:42.250" endtime="20221231 13:17:48.717"/>
</suite>
<statistics>
<total>
<stat pass="1" fail="0" skip="0">All Tests</stat>
</total>
<tag>
</tag>
<suite>
<stat pass="1" fail="0" skip="0" id="s1" name="Home">Home</stat>
</suite>
</statistics>
<errors>
</errors>
</robot>
